[[1;34mINFO[m] Scanning for projects...
[[1;34mINFO[m] 
[[1;34mINFO[m] [1m------------------------< [0;36mcom.example:Journal[0;1m >-------------------------[m
[[1;34mINFO[m] [1mBuilding Journal 0.0.1-SNAPSHOT[m
[[1;34mINFO[m] [1m--------------------------------[ jar ]---------------------------------[m
[[1;34mINFO[m] 
[[1;34mINFO[m] [1m>>> [0;32mspring-boot-maven-plugin:3.5.11:run[m [1m(default-cli)[0;1m > [0;1mtest-compile[m @ [36mJournal[0;1m >>>[m
[[1;34mINFO[m] 
[[1;34mINFO[m] [1m--- [0;32mmaven-resources-plugin:3.3.1:resources[m [1m(default-resources)[m @ [36mJournal[0;1m ---[m
[[1;34mINFO[m] Copying 3 resources from src/main/resources to target/classes
[[1;34mINFO[m] Copying 1 resource from src/main/resources to target/classes
[[1;34mINFO[m] 
[[1;34mINFO[m] [1m--- [0;32mmaven-compiler-plugin:3.14.1:compile[m [1m(default-compile)[m @ [36mJournal[0;1m ---[m
[[1;34mINFO[m] Nothing to compile - all classes are up to date.
[[1;34mINFO[m] 
[[1;34mINFO[m] [1m--- [0;32mmaven-resources-plugin:3.3.1:testResources[m [1m(default-testResources)[m @ [36mJournal[0;1m ---[m
[[1;34mINFO[m] skip non existing resourceDirectory /home/harshad/SpringBoot/Journal/src/test/resources
[[1;34mINFO[m] 
[[1;34mINFO[m] [1m--- [0;32mmaven-compiler-plugin:3.14.1:testCompile[m [1m(default-testCompile)[m @ [36mJournal[0;1m ---[m
[[1;34mINFO[m] Nothing to compile - all classes are up to date.
[[1;34mINFO[m] 
[[1;34mINFO[m] [1m<<< [0;32mspring-boot-maven-plugin:3.5.11:run[m [1m(default-cli)[0;1m < [0;1mtest-compile[m @ [36mJournal[0;1m <<<[m
[[1;34mINFO[m] 
[[1;34mINFO[m] 
[[1;34mINFO[m] [1m--- [0;32mspring-boot-maven-plugin:3.5.11:run[m [1m(default-cli)[m @ [36mJournal[0;1m ---[m
[[1;34mINFO[m] Attaching agents: []

  .   ____          _            __ _ _
 /\\ / ___'_ __ _ _(_)_ __  __ _ \ \ \ \
( ( )\___ | '_ | '_| | '_ \/ _` | \ \ \ \
 \\/  ___)| |_)| | | | | || (_| |  ) ) ) )
  '  |____| .__|_| |_|_| |_\__, | / / / /
 =========|_|==============|___/=/_/_/_/

 :: Spring Boot ::               (v3.5.11)

2026-03-20 02:04:06 [main] INFO  c.example.Journal.JournalApplication - Starting JournalApplication using Java 21.0.10 with PID 274953 (/home/harshad/SpringBoot/Journal/target/classes started by harshad in /home/harshad/SpringBoot/Journal)
2026-03-20 02:04:06 [main] DEBUG c.example.Journal.JournalApplication - Running with Spring Boot v3.5.11, Spring v6.2.16
2026-03-20 02:04:06 [main] INFO  c.example.Journal.JournalApplication - No active profile set, falling back to 1 default profile: "default"
2026-03-20 02:04:07 [main] INFO  o.s.d.r.c.RepositoryConfigurationDelegate - Bootstrapping Spring Data MongoDB repositories in DEFAULT mode.
2026-03-20 02:04:08 [main] INFO  o.s.d.r.c.RepositoryConfigurationDelegate - Finished Spring Data repository scanning in 88 ms. Found 3 MongoDB repository interfaces.
2026-03-20 02:04:08 [main] INFO  o.s.b.w.e.tomcat.TomcatWebServer - Tomcat initialized with port 8080 (http)
2026-03-20 02:04:08 [main] INFO  o.a.coyote.http11.Http11NioProtocol - Initializing ProtocolHandler ["http-nio-8080"]
2026-03-20 02:04:09 [main] INFO  o.a.catalina.core.StandardService - Starting service [Tomcat]
2026-03-20 02:04:09 [main] INFO  o.a.catalina.core.StandardEngine - Starting Servlet engine: [Apache Tomcat/10.1.52]
2026-03-20 02:04:09 [main] INFO  o.a.c.c.C.[.[localhost].[/api/v1] - Initializing Spring embedded WebApplicationContext
2026-03-20 02:04:09 [main] INFO  o.s.b.w.s.c.ServletWebServerApplicationContext - Root WebApplicationContext: initialization completed in 2123 ms
2026-03-20 02:04:09 [cluster-ClusterId{value='69bc5dc1ff4f9142a8cdfd3a', description='03-Task-Manager'}-srv-03-task-manager.bwnxps0.mongodb.net] INFO  org.mongodb.driver.cluster - Adding discovered server ac-pox3thk-shard-00-02.bwnxps0.mongodb.net:27017 to client view of cluster
2026-03-20 02:04:09 [main] INFO  org.mongodb.driver.client - MongoClient with metadata {"application": {"name": "03-Task-Manager"}, "driver": {"name": "mongo-java-driver|sync|spring-boot", "version": "5.5.2"}, "os": {"type": "Linux", "name": "Linux", "architecture": "amd64", "version": "6.17.0-19-generic"}, "platform": "Java/Ubuntu/21.0.10+7-Ubuntu-124.04"} created with settings MongoClientSettings{readPreference=primary, writeConcern=WriteConcern{w=null, wTimeout=null ms, journal=null}, retryWrites=true, retryReads=true, readConcern=ReadConcern{level=null}, credential=MongoCredential{mechanism=null, userName='diwateharshad543_db_user', source='admin', password=<hidden>, mechanismProperties=<hidden>}, transportSettings=null, commandListeners=[], codecRegistry=ProvidersCodecRegistry{codecProviders=[ValueCodecProvider{}, BsonValueCodecProvider{}, DBRefCodecProvider{}, DBObjectCodecProvider{}, DocumentCodecProvider{}, CollectionCodecProvider{}, IterableCodecProvider{}, MapCodecProvider{}, GeoJsonCodecProvider{}, GridFSFileCodecProvider{}, Jsr310CodecProvider{}, JsonObjectCodecProvider{}, BsonCodecProvider{}, EnumCodecProvider{}, com.mongodb.client.model.mql.ExpressionCodecProvider@5fffb692, com.mongodb.Jep395RecordCodecProvider@48cb2d73, com.mongodb.KotlinCodecProvider@243bf087]}, loggerSettings=LoggerSettings{maxDocumentLength=1000}, clusterSettings={hosts=[127.0.0.1:27017], srvHost=03-task-manager.bwnxps0.mongodb.net, srvServiceName=mongodb, mode=MULTIPLE, requiredClusterType=REPLICA_SET, requiredReplicaSetName='atlas-501xfl-shard-0', serverSelector='null', clusterListeners='[]', serverSelectionTimeout='30000 ms', localThreshold='15 ms'}, socketSettings=SocketSettings{connectTimeoutMS=10000, readTimeoutMS=0, receiveBufferSize=0, proxySettings=ProxySettings{host=null, port=null, username=null, password=null}}, heartbeatSocketSettings=SocketSettings{connectTimeoutMS=10000, readTimeoutMS=10000, receiveBufferSize=0, proxySettings=ProxySettings{host=null, port=null, username=null, password=null}}, connectionPoolSettings=ConnectionPoolSettings{maxSize=100, minSize=0, maxWaitTimeMS=120000, maxConnectionLifeTimeMS=0, maxConnectionIdleTimeMS=0, maintenanceInitialDelayMS=0, maintenanceFrequencyMS=60000, connectionPoolListeners=[], maxConnecting=2}, serverSettings=ServerSettings{heartbeatFrequencyMS=10000, minHeartbeatFrequencyMS=500, serverMonitoringMode=AUTO, serverListeners='[]', serverMonitorListeners='[]'}, sslSettings=SslSettings{enabled=true, invalidHostNameAllowed=false, context=null}, applicationName='03-Task-Manager', compressorList=[], uuidRepresentation=JAVA_LEGACY, serverApi=null, autoEncryptionSettings=null, dnsClient=null, inetAddressResolver=null, contextProvider=null, timeoutMS=null}
2026-03-20 02:04:09 [cluster-ClusterId{value='69bc5dc1ff4f9142a8cdfd3a', description='03-Task-Manager'}-srv-03-task-manager.bwnxps0.mongodb.net] INFO  org.mongodb.driver.cluster - Adding discovered server ac-pox3thk-shard-00-01.bwnxps0.mongodb.net:27017 to client view of cluster
2026-03-20 02:04:09 [cluster-ClusterId{value='69bc5dc1ff4f9142a8cdfd3a', description='03-Task-Manager'}-srv-03-task-manager.bwnxps0.mongodb.net] INFO  org.mongodb.driver.cluster - Adding discovered server ac-pox3thk-shard-00-00.bwnxps0.mongodb.net:27017 to client view of cluster
2026-03-20 02:04:09 [main] INFO  org.mongodb.driver.cluster - Waiting for server to become available for operation with ID 5. Remaining time: 29991 ms. Selector: WritableServerSelector, topology description: {type=REPLICA_SET, servers=[{address=ac-pox3thk-shard-00-02.bwnxps0.mongodb.net:27017, type=UNKNOWN, state=CONNECTING}, {address=ac-pox3thk-shard-00-00.bwnxps0.mongodb.net:27017, type=UNKNOWN, state=CONNECTING}, {address=ac-pox3thk-shard-00-01.bwnxps0.mongodb.net:27017, type=UNKNOWN, state=CONNECTING}].
2026-03-20 02:04:10 [cluster-ClusterId{value='69bc5dc1ff4f9142a8cdfd3a', description='03-Task-Manager'}-ac-pox3thk-shard-00-01.bwnxps0.mongodb.net:27017] INFO  org.mongodb.driver.cluster - Monitor thread successfully connected to server with description ServerDescription{address=ac-pox3thk-shard-00-01.bwnxps0.mongodb.net:27017, type=REPLICA_SET_SECONDARY, cryptd=false, state=CONNECTED, ok=true, minWireVersion=0, maxWireVersion=25, maxDocumentSize=16777216, logicalSessionTimeoutMinutes=30, roundTripTimeNanos=425461923, minRoundTripTimeNanos=0, setName='atlas-501xfl-shard-0', canonicalAddress=ac-pox3thk-shard-00-01.bwnxps0.mongodb.net:27017, hosts=[ac-pox3thk-shard-00-02.bwnxps0.mongodb.net:27017, ac-pox3thk-shard-00-01.bwnxps0.mongodb.net:27017, ac-pox3thk-shard-00-00.bwnxps0.mongodb.net:27017], passives=[], arbiters=[], primary='ac-pox3thk-shard-00-02.bwnxps0.mongodb.net:27017', tagSet=TagSet{[Tag{name='availabilityZone', value='aps1-az3'}, Tag{name='diskState', value='READY'}, Tag{name='nodeType', value='ELECTABLE'}, Tag{name='provider', value='AWS'}, Tag{name='region', value='AP_SOUTH_1'}, Tag{name='workloadType', value='OPERATIONAL'}]}, electionId=null, setVersion=313, topologyVersion=TopologyVersion{processId=69b2ef68d2be3f28bf52d573, counter=3}, lastWriteDate=Fri Mar 20 02:04:09 IST 2026, lastUpdateTimeNanos=10443193765591}
2026-03-20 02:04:10 [cluster-ClusterId{value='69bc5dc1ff4f9142a8cdfd3a', description='03-Task-Manager'}-ac-pox3thk-shard-00-00.bwnxps0.mongodb.net:27017] INFO  org.mongodb.driver.cluster - Monitor thread successfully connected to server with description ServerDescription{address=ac-pox3thk-shard-00-00.bwnxps0.mongodb.net:27017, type=REPLICA_SET_SECONDARY, cryptd=false, state=CONNECTED, ok=true, minWireVersion=0, maxWireVersion=25, maxDocumentSize=16777216, logicalSessionTimeoutMinutes=30, roundTripTimeNanos=423318864, minRoundTripTimeNanos=0, setName='atlas-501xfl-shard-0', canonicalAddress=ac-pox3thk-shard-00-00.bwnxps0.mongodb.net:27017, hosts=[ac-pox3thk-shard-00-02.bwnxps0.mongodb.net:27017, ac-pox3thk-shard-00-01.bwnxps0.mongodb.net:27017, ac-pox3thk-shard-00-00.bwnxps0.mongodb.net:27017], passives=[], arbiters=[], primary='ac-pox3thk-shard-00-02.bwnxps0.mongodb.net:27017', tagSet=TagSet{[Tag{name='availabilityZone', value='aps1-az1'}, Tag{name='diskState', value='READY'}, Tag{name='nodeType', value='ELECTABLE'}, Tag{name='provider', value='AWS'}, Tag{name='region', value='AP_SOUTH_1'}, Tag{name='workloadType', value='OPERATIONAL'}]}, electionId=null, setVersion=313, topologyVersion=TopologyVersion{processId=69b2f170eacc21729fbc35c0, counter=3}, lastWriteDate=Fri Mar 20 02:04:09 GMT+05:30 2026, lastUpdateTimeNanos=10443193766190}
2026-03-20 02:04:10 [cluster-ClusterId{value='69bc5dc1ff4f9142a8cdfd3a', description='03-Task-Manager'}-ac-pox3thk-shard-00-02.bwnxps0.mongodb.net:27017] INFO  org.mongodb.driver.cluster - Monitor thread successfully connected to server with description ServerDescription{address=ac-pox3thk-shard-00-02.bwnxps0.mongodb.net:27017, type=REPLICA_SET_PRIMARY, cryptd=false, state=CONNECTED, ok=true, minWireVersion=0, maxWireVersion=25, maxDocumentSize=16777216, logicalSessionTimeoutMinutes=30, roundTripTimeNanos=190907622, minRoundTripTimeNanos=0, setName='atlas-501xfl-shard-0', canonicalAddress=ac-pox3thk-shard-00-02.bwnxps0.mongodb.net:27017, hosts=[ac-pox3thk-shard-00-02.bwnxps0.mongodb.net:27017, ac-pox3thk-shard-00-01.bwnxps0.mongodb.net:27017, ac-pox3thk-shard-00-00.bwnxps0.mongodb.net:27017], passives=[], arbiters=[], primary='ac-pox3thk-shard-00-02.bwnxps0.mongodb.net:27017', tagSet=TagSet{[Tag{name='availabilityZone', value='aps1-az2'}, Tag{name='diskState', value='READY'}, Tag{name='nodeType', value='ELECTABLE'}, Tag{name='provider', value='AWS'}, Tag{name='region', value='AP_SOUTH_1'}, Tag{name='workloadType', value='OPERATIONAL'}]}, electionId=7fffffff0000000000000132, setVersion=313, topologyVersion=TopologyVersion{processId=69b2ecc705e4a459212ac0f5, counter=6}, lastWriteDate=Fri Mar 20 02:04:10 GMT+05:30 2026, lastUpdateTimeNanos=10443967868544}
2026-03-20 02:04:10 [cluster-ClusterId{value='69bc5dc1ff4f9142a8cdfd3a', description='03-Task-Manager'}-ac-pox3thk-shard-00-02.bwnxps0.mongodb.net:27017] INFO  org.mongodb.driver.cluster - Discovered replica set primary ac-pox3thk-shard-00-02.bwnxps0.mongodb.net:27017 with max election id 7fffffff0000000000000132 and max set version 313
2026-03-20 02:04:11 [main] WARN  o.s.b.w.s.c.AnnotationConfigServletWebServerApplicationContext - Exception encountered during context initialization - cancelling refresh attempt: org.springframework.beans.factory.UnsatisfiedDependencyException: Error creating bean with name 'journalEntryControllerv2': Unsatisfied dependency expressed through field 'journalentryservice': Error creating bean with name 'journalEntryService': Unsatisfied dependency expressed through field 'userService': Error creating bean with name 'userService': Unsatisfied dependency expressed through field 'passwordEncoder': No qualifying bean of type 'org.springframework.security.crypto.password.PasswordEncoder' available: expected at least 1 bean which qualifies as autowire candidate. Dependency annotations: {@org.springframework.beans.factory.annotation.Autowired(required=true)}
2026-03-20 02:04:11 [main] INFO  o.a.catalina.core.StandardService - Stopping service [Tomcat]
2026-03-20 02:04:11 [main] INFO  o.s.b.a.l.ConditionEvaluationReportLogger - 

Error starting ApplicationContext. To display the condition evaluation report re-run your application with 'debug' enabled.
2026-03-20 02:04:11 [main] ERROR o.s.b.d.LoggingFailureAnalysisReporter - 

***************************
APPLICATION FAILED TO START
***************************

Description:

Field passwordEncoder in com.example.Journal.service.UserService required a bean of type 'org.springframework.security.crypto.password.PasswordEncoder' that could not be found.

The injection point has the following annotations:
	- @org.springframework.beans.factory.annotation.Autowired(required=true)


Action:

Consider defining a bean of type 'org.springframework.security.crypto.password.PasswordEncoder' in your configuration.

[[1;34mINFO[m] [1m------------------------------------------------------------------------[m
[[1;34mINFO[m] [1;31mBUILD FAILURE[m
[[1;34mINFO[m] [1m------------------------------------------------------------------------[m
[[1;34mINFO[m] Total time:  8.224 s
[[1;34mINFO[m] Finished at: 2026-03-20T02:04:11+05:30
[[1;34mINFO[m] [1m------------------------------------------------------------------------[m
[[1;31mERROR[m] Failed to execute goal [32morg.springframework.boot:spring-boot-maven-plugin:3.5.11:run[m [1m(default-cli)[m on project [36mJournal[m: [1;31mProcess terminated with exit code: 1[m -> [1m[Help 1][m
[[1;31mERROR[m] 
[[1;31mERROR[m] To see the full stack trace of the errors, re-run Maven with the [1m-e[m switch.
[[1;31mERROR[m] Re-run Maven using the [1m-X[m switch to enable full debug logging.
[[1;31mERROR[m] 
[[1;31mERROR[m] For more information about the errors and possible solutions, please read the following articles:
[[1;31mERROR[m] [1m[Help 1][m http://cwiki.apache.org/confluence/display/MAVEN/MojoExecutionException
